2025-07-20 11:55:04 INFO  [main] org.reflections.Reflections - Reflections took 79 ms to scan 1 urls, producing 19 keys and 80 values
2025-07-20 11:55:24 INFO  [main] c.ui.actions.book.AllBooksListAction - Пользователь выбрал команду: вывод всех книг
2025-07-20 11:55:24 INFO  [main] org.hibernate.Version - HHH000412: Hibernate ORM core version 6.4.4.Final
2025-07-20 11:55:24 INFO  [main] o.h.c.i.RegionFactoryInitiator - HHH000026: Second-level cache disabled
2025-07-20 11:55:24 WARN  [main] o.hibernate.orm.connections.pooling - HHH10001002: Using built-in connection pool (not intended for production use)
2025-07-20 11:55:24 INFO  [main] o.hibernate.orm.connections.pooling - HHH10001005: Loaded JDBC driver class: org.postgresql.Driver
2025-07-20 11:55:24 INFO  [main] o.hibernate.orm.connections.pooling - HHH10001012: Connecting with JDBC URL [jdbc:postgresql://localhost:5432/bookstore]
2025-07-20 11:55:24 INFO  [main] o.hibernate.orm.connections.pooling - HHH10001001: Connection properties: {password=****, user=postgres}
2025-07-20 11:55:24 INFO  [main] o.hibernate.orm.connections.pooling - HHH10001003: Autocommit mode: false
2025-07-20 11:55:24 INFO  [main] o.hibernate.orm.connections.pooling - HHH10001115: Connection pool size: 20 (min=1)
2025-07-20 11:55:25 WARN  [main] org.hibernate.orm.deprecation - HHH90000025: PostgreSQLDialect does not need to be specified explicitly using 'hibernate.dialect' (remove the property setting and it will be selected by default)
2025-07-20 11:56:53 INFO  [main] org.reflections.Reflections - Reflections took 79 ms to scan 1 urls, producing 19 keys and 80 values
2025-07-20 11:57:00 INFO  [main] c.ui.actions.book.AllBooksListAction - Пользователь выбрал команду: вывод всех книг
2025-07-20 11:57:00 INFO  [main] org.hibernate.Version - HHH000412: Hibernate ORM core version 6.4.4.Final
2025-07-20 11:57:00 INFO  [main] o.h.c.i.RegionFactoryInitiator - HHH000026: Second-level cache disabled
2025-07-20 11:57:00 WARN  [main] o.hibernate.orm.connections.pooling - HHH10001002: Using built-in connection pool (not intended for production use)
2025-07-20 11:57:00 INFO  [main] o.hibernate.orm.connections.pooling - HHH10001005: Loaded JDBC driver class: org.postgresql.Driver
2025-07-20 11:57:00 INFO  [main] o.hibernate.orm.connections.pooling - HHH10001012: Connecting with JDBC URL [jdbc:postgresql://localhost:5432/bookstore]
2025-07-20 11:57:00 INFO  [main] o.hibernate.orm.connections.pooling - HHH10001001: Connection properties: {password=****, user=postgres}
2025-07-20 11:57:00 INFO  [main] o.hibernate.orm.connections.pooling - HHH10001003: Autocommit mode: false
2025-07-20 11:57:00 INFO  [main] o.hibernate.orm.connections.pooling - HHH10001115: Connection pool size: 20 (min=1)
2025-07-20 11:57:00 WARN  [main] org.hibernate.orm.deprecation - HHH90000025: PostgreSQLDialect does not need to be specified explicitly using 'hibernate.dialect' (remove the property setting and it will be selected by default)
2025-07-20 11:57:01 INFO  [main] o.h.e.t.j.p.i.JtaPlatformInitiator - HHH000489: No JTA platform available (set 'hibernate.transaction.jta.platform' to enable JTA platform integration)
2025-07-20 11:57:01 ERROR [main] c.repo.dao.HibernateAbstractDao - Error getting all Book
java.lang.IllegalArgumentException: org.hibernate.query.sqm.UnknownEntityException: Could not resolve root entity 'Book'
	at org.hibernate.internal.ExceptionConverterImpl.convert(ExceptionConverterImpl.java:143)
	at org.hibernate.internal.ExceptionConverterImpl.convert(ExceptionConverterImpl.java:167)
	at org.hibernate.internal.ExceptionConverterImpl.convert(ExceptionConverterImpl.java:173)
	at org.hibernate.internal.AbstractSharedSessionContract.createQuery(AbstractSharedSessionContract.java:848)
	at org.hibernate.internal.AbstractSharedSessionContract.createQuery(AbstractSharedSessionContract.java:136)
	at clientbookstore.repo.dao.HibernateAbstractDao.getAll(HibernateAbstractDao.java:82)
	at clientbookstore.service.entityService.BookService.getAll(BookService.java:67)
	at clientbookstore.controller.DataManager.getAllBooks(DataManager.java:234)
	at clientbookstore.ui.actions.book.AllBooksListAction.execute(AllBooksListAction.java:27)
	at clientbookstore.ui.Navigator.navigate(Navigator.java:51)
	at clientbookstore.ui.MenuController.run(MenuController.java:55)
	at clientbookstore.Main.main(Main.java:39)
Caused by: org.hibernate.query.sqm.UnknownEntityException: Could not resolve root entity 'Book'
	at org.hibernate.query.hql.internal.SemanticQueryBuilder.resolveRootEntity(SemanticQueryBuilder.java:2013)
	at org.hibernate.query.hql.internal.SemanticQueryBuilder.visitRootEntity(SemanticQueryBuilder.java:1944)
	at org.hibernate.query.hql.internal.SemanticQueryBuilder.visitRootEntity(SemanticQueryBuilder.java:269)
	at org.hibernate.grammars.hql.HqlParser$RootEntityContext.accept(HqlParser.java:2549)
	at org.hibernate.query.hql.internal.SemanticQueryBuilder.visitEntityWithJoins(SemanticQueryBuilder.java:1914)
	at org.hibernate.query.hql.internal.SemanticQueryBuilder.visitFromClause(SemanticQueryBuilder.java:1901)
	at org.hibernate.query.hql.internal.SemanticQueryBuilder.visitQuery(SemanticQueryBuilder.java:1148)
	at org.hibernate.query.hql.internal.SemanticQueryBuilder.visitQuerySpecExpression(SemanticQueryBuilder.java:941)
	at org.hibernate.query.hql.internal.SemanticQueryBuilder.visitQuerySpecExpression(SemanticQueryBuilder.java:269)
	at org.hibernate.grammars.hql.HqlParser$QuerySpecExpressionContext.accept(HqlParser.java:1869)
	at org.hibernate.query.hql.internal.SemanticQueryBuilder.visitSimpleQueryGroup(SemanticQueryBuilder.java:926)
	at org.hibernate.query.hql.internal.SemanticQueryBuilder.visitSimpleQueryGroup(SemanticQueryBuilder.java:269)
	at org.hibernate.grammars.hql.HqlParser$SimpleQueryGroupContext.accept(HqlParser.java:1740)
	at org.hibernate.query.hql.internal.SemanticQueryBuilder.visitSelectStatement(SemanticQueryBuilder.java:443)
	at org.hibernate.query.hql.internal.SemanticQueryBuilder.visitStatement(SemanticQueryBuilder.java:402)
	at org.hibernate.query.hql.internal.SemanticQueryBuilder.buildSemanticModel(SemanticQueryBuilder.java:311)
	at org.hibernate.query.hql.internal.StandardHqlTranslator.translate(StandardHqlTranslator.java:71)
	at org.hibernate.query.internal.QueryInterpretationCacheStandardImpl.createHqlInterpretation(QueryInterpretationCacheStandardImpl.java:165)
	at org.hibernate.query.internal.QueryInterpretationCacheStandardImpl.resolveHqlInterpretation(QueryInterpretationCacheStandardImpl.java:147)
	at org.hibernate.internal.AbstractSharedSessionContract.interpretHql(AbstractSharedSessionContract.java:790)
	at org.hibernate.internal.AbstractSharedSessionContract.createQuery(AbstractSharedSessionContract.java:840)
	... 8 common frames omitted
2025-07-20 11:57:01 INFO  [main] c.ui.actions.book.AllBooksListAction - Список книг пуст
2025-07-20 11:59:09 INFO  [main] org.reflections.Reflections - Reflections took 69 ms to scan 1 urls, producing 19 keys and 80 values
2025-07-20 11:59:15 INFO  [main] c.ui.actions.book.AllBooksListAction - Пользователь выбрал команду: вывод всех книг
2025-07-20 11:59:15 INFO  [main] org.hibernate.Version - HHH000412: Hibernate ORM core version 6.4.4.Final
2025-07-20 11:59:15 INFO  [main] o.h.c.i.RegionFactoryInitiator - HHH000026: Second-level cache disabled
2025-07-20 11:59:15 WARN  [main] o.hibernate.orm.connections.pooling - HHH10001002: Using built-in connection pool (not intended for production use)
2025-07-20 11:59:15 INFO  [main] o.hibernate.orm.connections.pooling - HHH10001005: Loaded JDBC driver class: org.postgresql.Driver
2025-07-20 11:59:15 INFO  [main] o.hibernate.orm.connections.pooling - HHH10001012: Connecting with JDBC URL [jdbc:postgresql://localhost:5432/bookstore]
2025-07-20 11:59:15 INFO  [main] o.hibernate.orm.connections.pooling - HHH10001001: Connection properties: {password=****, user=postgres}
2025-07-20 11:59:15 INFO  [main] o.hibernate.orm.connections.pooling - HHH10001003: Autocommit mode: false
2025-07-20 11:59:15 INFO  [main] o.hibernate.orm.connections.pooling - HHH10001115: Connection pool size: 20 (min=1)
2025-07-20 11:59:15 WARN  [main] org.hibernate.orm.deprecation - HHH90000025: PostgreSQLDialect does not need to be specified explicitly using 'hibernate.dialect' (remove the property setting and it will be selected by default)
2025-07-20 11:59:16 INFO  [main] o.h.e.t.j.p.i.JtaPlatformInitiator - HHH000489: No JTA platform available (set 'hibernate.transaction.jta.platform' to enable JTA platform integration)
2025-07-20 11:59:16 ERROR [main] c.repo.dao.HibernateAbstractDao - Error getting all clientbookstore.model.entity.Book
java.lang.IllegalArgumentException: org.hibernate.query.sqm.UnknownEntityException: Could not resolve entity class 'clientbookstore.model.entity.Book'
	at org.hibernate.internal.ExceptionConverterImpl.convert(ExceptionConverterImpl.java:143)
	at org.hibernate.internal.ExceptionConverterImpl.convert(ExceptionConverterImpl.java:167)
	at org.hibernate.internal.ExceptionConverterImpl.convert(ExceptionConverterImpl.java:173)
	at org.hibernate.internal.AbstractSharedSessionContract.createQuery(AbstractSharedSessionContract.java:848)
	at org.hibernate.internal.AbstractSharedSessionContract.createQuery(AbstractSharedSessionContract.java:136)
	at clientbookstore.repo.dao.HibernateAbstractDao.getAll(HibernateAbstractDao.java:82)
	at clientbookstore.service.entityService.BookService.getAll(BookService.java:67)
	at clientbookstore.controller.DataManager.getAllBooks(DataManager.java:234)
	at clientbookstore.ui.actions.book.AllBooksListAction.execute(AllBooksListAction.java:27)
	at clientbookstore.ui.Navigator.navigate(Navigator.java:51)
	at clientbookstore.ui.MenuController.run(MenuController.java:55)
	at clientbookstore.Main.main(Main.java:39)
Caused by: org.hibernate.query.sqm.UnknownEntityException: Could not resolve entity class 'clientbookstore.model.entity.Book'
	at org.hibernate.query.hql.internal.StandardHqlTranslator.translate(StandardHqlTranslator.java:90)
	at org.hibernate.query.internal.QueryInterpretationCacheStandardImpl.createHqlInterpretation(QueryInterpretationCacheStandardImpl.java:165)
	at org.hibernate.query.internal.QueryInterpretationCacheStandardImpl.resolveHqlInterpretation(QueryInterpretationCacheStandardImpl.java:147)
	at org.hibernate.internal.AbstractSharedSessionContract.interpretHql(AbstractSharedSessionContract.java:790)
	at org.hibernate.internal.AbstractSharedSessionContract.createQuery(AbstractSharedSessionContract.java:840)
	... 8 common frames omitted
Caused by: org.hibernate.query.sqm.EntityTypeException: Could not resolve entity class 'clientbookstore.model.entity.Book'
	at org.hibernate.metamodel.model.domain.internal.JpaMetamodelImpl.resolveEntityReference(JpaMetamodelImpl.java:490)
	at org.hibernate.metamodel.model.domain.internal.JpaMetamodelImpl.getHqlEntityReference(JpaMetamodelImpl.java:158)
	at org.hibernate.query.hql.internal.SemanticQueryBuilder.visitRootEntity(SemanticQueryBuilder.java:1937)
	at org.hibernate.query.hql.internal.SemanticQueryBuilder.visitRootEntity(SemanticQueryBuilder.java:269)
	at org.hibernate.grammars.hql.HqlParser$RootEntityContext.accept(HqlParser.java:2549)
	at org.hibernate.query.hql.internal.SemanticQueryBuilder.visitEntityWithJoins(SemanticQueryBuilder.java:1914)
	at org.hibernate.query.hql.internal.SemanticQueryBuilder.visitFromClause(SemanticQueryBuilder.java:1901)
	at org.hibernate.query.hql.internal.SemanticQueryBuilder.visitQuery(SemanticQueryBuilder.java:1148)
	at org.hibernate.query.hql.internal.SemanticQueryBuilder.visitQuerySpecExpression(SemanticQueryBuilder.java:941)
	at org.hibernate.query.hql.internal.SemanticQueryBuilder.visitQuerySpecExpression(SemanticQueryBuilder.java:269)
	at org.hibernate.grammars.hql.HqlParser$QuerySpecExpressionContext.accept(HqlParser.java:1869)
	at org.hibernate.query.hql.internal.SemanticQueryBuilder.visitSimpleQueryGroup(SemanticQueryBuilder.java:926)
	at org.hibernate.query.hql.internal.SemanticQueryBuilder.visitSimpleQueryGroup(SemanticQueryBuilder.java:269)
	at org.hibernate.grammars.hql.HqlParser$SimpleQueryGroupContext.accept(HqlParser.java:1740)
	at org.hibernate.query.hql.internal.SemanticQueryBuilder.visitSelectStatement(SemanticQueryBuilder.java:443)
	at org.hibernate.query.hql.internal.SemanticQueryBuilder.visitStatement(SemanticQueryBuilder.java:402)
	at org.hibernate.query.hql.internal.SemanticQueryBuilder.buildSemanticModel(SemanticQueryBuilder.java:311)
	at org.hibernate.query.hql.internal.StandardHqlTranslator.translate(StandardHqlTranslator.java:71)
	... 12 common frames omitted
2025-07-20 11:59:16 INFO  [main] c.ui.actions.book.AllBooksListAction - Список книг пуст
2025-07-20 12:02:00 INFO  [main] org.reflections.Reflections - Reflections took 73 ms to scan 1 urls, producing 19 keys and 80 values
2025-07-20 12:02:07 INFO  [main] c.ui.actions.book.AllBooksListAction - Пользователь выбрал команду: вывод всех книг
2025-07-20 12:02:07 INFO  [main] org.hibernate.Version - HHH000412: Hibernate ORM core version 6.4.4.Final
2025-07-20 12:02:07 INFO  [main] o.h.c.i.RegionFactoryInitiator - HHH000026: Second-level cache disabled
2025-07-20 12:02:07 WARN  [main] o.hibernate.orm.connections.pooling - HHH10001002: Using built-in connection pool (not intended for production use)
2025-07-20 12:02:07 INFO  [main] o.hibernate.orm.connections.pooling - HHH10001005: Loaded JDBC driver class: org.postgresql.Driver
2025-07-20 12:02:07 INFO  [main] o.hibernate.orm.connections.pooling - HHH10001012: Connecting with JDBC URL [jdbc:postgresql://localhost:5432/bookstore]
2025-07-20 12:02:07 INFO  [main] o.hibernate.orm.connections.pooling - HHH10001001: Connection properties: {password=****, user=postgres}
2025-07-20 12:02:07 INFO  [main] o.hibernate.orm.connections.pooling - HHH10001003: Autocommit mode: false
2025-07-20 12:02:07 INFO  [main] o.hibernate.orm.connections.pooling - HHH10001115: Connection pool size: 20 (min=1)
2025-07-20 12:02:08 WARN  [main] org.hibernate.orm.deprecation - HHH90000025: PostgreSQLDialect does not need to be specified explicitly using 'hibernate.dialect' (remove the property setting and it will be selected by default)
2025-07-20 12:02:08 INFO  [main] o.h.e.t.j.p.i.JtaPlatformInitiator - HHH000489: No JTA platform available (set 'hibernate.transaction.jta.platform' to enable JTA platform integration)
2025-07-20 12:02:08 ERROR [main] c.repo.dao.HibernateAbstractDao - Error getting all clientbookstore.model.entity.Book
java.lang.IllegalArgumentException: org.hibernate.query.sqm.UnknownEntityException: Could not resolve entity class 'clientbookstore.model.entity.Book'
	at org.hibernate.internal.ExceptionConverterImpl.convert(ExceptionConverterImpl.java:143)
	at org.hibernate.internal.ExceptionConverterImpl.convert(ExceptionConverterImpl.java:167)
	at org.hibernate.internal.ExceptionConverterImpl.convert(ExceptionConverterImpl.java:173)
	at org.hibernate.internal.AbstractSharedSessionContract.createQuery(AbstractSharedSessionContract.java:848)
	at org.hibernate.internal.AbstractSharedSessionContract.createQuery(AbstractSharedSessionContract.java:136)
	at clientbookstore.repo.dao.HibernateAbstractDao.getAll(HibernateAbstractDao.java:82)
	at clientbookstore.service.entityService.BookService.getAll(BookService.java:67)
	at clientbookstore.controller.DataManager.getAllBooks(DataManager.java:234)
	at clientbookstore.ui.actions.book.AllBooksListAction.execute(AllBooksListAction.java:27)
	at clientbookstore.ui.Navigator.navigate(Navigator.java:51)
	at clientbookstore.ui.MenuController.run(MenuController.java:55)
	at clientbookstore.Main.main(Main.java:39)
Caused by: org.hibernate.query.sqm.UnknownEntityException: Could not resolve entity class 'clientbookstore.model.entity.Book'
	at org.hibernate.query.hql.internal.StandardHqlTranslator.translate(StandardHqlTranslator.java:90)
	at org.hibernate.query.internal.QueryInterpretationCacheStandardImpl.createHqlInterpretation(QueryInterpretationCacheStandardImpl.java:165)
	at org.hibernate.query.internal.QueryInterpretationCacheStandardImpl.resolveHqlInterpretation(QueryInterpretationCacheStandardImpl.java:147)
	at org.hibernate.internal.AbstractSharedSessionContract.interpretHql(AbstractSharedSessionContract.java:790)
	at org.hibernate.internal.AbstractSharedSessionContract.createQuery(AbstractSharedSessionContract.java:840)
	... 8 common frames omitted
Caused by: org.hibernate.query.sqm.EntityTypeException: Could not resolve entity class 'clientbookstore.model.entity.Book'
	at org.hibernate.metamodel.model.domain.internal.JpaMetamodelImpl.resolveEntityReference(JpaMetamodelImpl.java:490)
	at org.hibernate.metamodel.model.domain.internal.JpaMetamodelImpl.getHqlEntityReference(JpaMetamodelImpl.java:158)
	at org.hibernate.query.hql.internal.SemanticQueryBuilder.visitRootEntity(SemanticQueryBuilder.java:1937)
	at org.hibernate.query.hql.internal.SemanticQueryBuilder.visitRootEntity(SemanticQueryBuilder.java:269)
	at org.hibernate.grammars.hql.HqlParser$RootEntityContext.accept(HqlParser.java:2549)
	at org.hibernate.query.hql.internal.SemanticQueryBuilder.visitEntityWithJoins(SemanticQueryBuilder.java:1914)
	at org.hibernate.query.hql.internal.SemanticQueryBuilder.visitFromClause(SemanticQueryBuilder.java:1901)
	at org.hibernate.query.hql.internal.SemanticQueryBuilder.visitQuery(SemanticQueryBuilder.java:1148)
	at org.hibernate.query.hql.internal.SemanticQueryBuilder.visitQuerySpecExpression(SemanticQueryBuilder.java:941)
	at org.hibernate.query.hql.internal.SemanticQueryBuilder.visitQuerySpecExpression(SemanticQueryBuilder.java:269)
	at org.hibernate.grammars.hql.HqlParser$QuerySpecExpressionContext.accept(HqlParser.java:1869)
	at org.hibernate.query.hql.internal.SemanticQueryBuilder.visitSimpleQueryGroup(SemanticQueryBuilder.java:926)
	at org.hibernate.query.hql.internal.SemanticQueryBuilder.visitSimpleQueryGroup(SemanticQueryBuilder.java:269)
	at org.hibernate.grammars.hql.HqlParser$SimpleQueryGroupContext.accept(HqlParser.java:1740)
	at org.hibernate.query.hql.internal.SemanticQueryBuilder.visitSelectStatement(SemanticQueryBuilder.java:443)
	at org.hibernate.query.hql.internal.SemanticQueryBuilder.visitStatement(SemanticQueryBuilder.java:402)
	at org.hibernate.query.hql.internal.SemanticQueryBuilder.buildSemanticModel(SemanticQueryBuilder.java:311)
	at org.hibernate.query.hql.internal.StandardHqlTranslator.translate(StandardHqlTranslator.java:71)
	... 12 common frames omitted
2025-07-20 12:02:08 INFO  [main] c.ui.actions.book.AllBooksListAction - Список книг пуст
2025-07-20 12:04:50 INFO  [main] org.reflections.Reflections - Reflections took 67 ms to scan 1 urls, producing 19 keys and 80 values
2025-07-20 12:04:56 INFO  [main] c.ui.actions.book.AllBooksListAction - Пользователь выбрал команду: вывод всех книг
2025-07-20 12:04:56 INFO  [main] org.hibernate.Version - HHH000412: Hibernate ORM core version 6.4.4.Final
2025-07-20 12:04:56 INFO  [main] o.h.c.i.RegionFactoryInitiator - HHH000026: Second-level cache disabled
2025-07-20 12:04:56 WARN  [main] o.hibernate.orm.connections.pooling - HHH10001002: Using built-in connection pool (not intended for production use)
2025-07-20 12:04:56 INFO  [main] o.hibernate.orm.connections.pooling - HHH10001005: Loaded JDBC driver class: org.postgresql.Driver
2025-07-20 12:04:56 INFO  [main] o.hibernate.orm.connections.pooling - HHH10001012: Connecting with JDBC URL [jdbc:postgresql://localhost:5432/bookstore]
2025-07-20 12:04:56 INFO  [main] o.hibernate.orm.connections.pooling - HHH10001001: Connection properties: {password=****, user=postgres}
2025-07-20 12:04:56 INFO  [main] o.hibernate.orm.connections.pooling - HHH10001003: Autocommit mode: false
2025-07-20 12:04:56 INFO  [main] o.hibernate.orm.connections.pooling - HHH10001115: Connection pool size: 20 (min=1)
2025-07-20 12:04:57 WARN  [main] org.hibernate.orm.deprecation - HHH90000025: PostgreSQLDialect does not need to be specified explicitly using 'hibernate.dialect' (remove the property setting and it will be selected by default)
2025-07-20 12:04:57 INFO  [main] o.h.e.t.j.p.i.JtaPlatformInitiator - HHH000489: No JTA platform available (set 'hibernate.transaction.jta.platform' to enable JTA platform integration)
2025-07-20 12:04:57 INFO  [main] o.hibernate.orm.connections.access - HHH10001501: Connection obtained from JdbcConnectionAccess [org.hibernate.engine.jdbc.env.internal.JdbcEnvironmentInitiator$ConnectionProviderJdbcConnectionAccess@21f9c6ea] for (non-JTA) DDL execution was not in auto-commit mode; the Connection 'local transaction' will be committed and the Connection will be set into auto-commit mode.
2025-07-20 12:04:57 WARN  [main] o.h.t.s.i.ExceptionHandlerLoggedImpl - GenerationTarget encountered exception accepting command : Error executing DDL "
    alter table if exists book 
       add column authtor varchar(255) not null" via JDBC [ОШИБКА: столбец "authtor" отношения "book" содержит значения NULL]
org.hibernate.tool.schema.spi.CommandAcceptanceException: Error executing DDL "
    alter table if exists book 
       add column authtor varchar(255) not null" via JDBC [ОШИБКА: столбец "authtor" отношения "book" содержит значения NULL]
	at org.hibernate.tool.schema.internal.exec.GenerationTargetToDatabase.accept(GenerationTargetToDatabase.java:94)
	at org.hibernate.tool.schema.internal.AbstractSchemaMigrator.applySqlString(AbstractSchemaMigrator.java:574)
	at org.hibernate.tool.schema.internal.AbstractSchemaMigrator.applySqlStrings(AbstractSchemaMigrator.java:514)
	at org.hibernate.tool.schema.internal.AbstractSchemaMigrator.migrateTable(AbstractSchemaMigrator.java:333)
	at org.hibernate.tool.schema.internal.GroupedSchemaMigratorImpl.performTablesMigration(GroupedSchemaMigratorImpl.java:84)
	at org.hibernate.tool.schema.internal.AbstractSchemaMigrator.performMigration(AbstractSchemaMigrator.java:232)
	at org.hibernate.tool.schema.internal.AbstractSchemaMigrator.doMigration(AbstractSchemaMigrator.java:117)
	at org.hibernate.tool.schema.spi.SchemaManagementToolCoordinator.performDatabaseAction(SchemaManagementToolCoordinator.java:286)
	at org.hibernate.tool.schema.spi.SchemaManagementToolCoordinator.lambda$process$5(SchemaManagementToolCoordinator.java:145)
	at java.base/java.util.HashMap.forEach(HashMap.java:1421)
	at org.hibernate.tool.schema.spi.SchemaManagementToolCoordinator.process(SchemaManagementToolCoordinator.java:142)
	at org.hibernate.boot.internal.SessionFactoryObserverForSchemaExport.sessionFactoryCreated(SessionFactoryObserverForSchemaExport.java:37)
	at org.hibernate.internal.SessionFactoryObserverChain.sessionFactoryCreated(SessionFactoryObserverChain.java:35)
	at org.hibernate.internal.SessionFactoryImpl.<init>(SessionFactoryImpl.java:315)
	at org.hibernate.boot.internal.SessionFactoryBuilderImpl.build(SessionFactoryBuilderImpl.java:450)
	at org.hibernate.boot.internal.MetadataImpl.buildSessionFactory(MetadataImpl.java:205)
	at clientbookstore.util.HibernateUtil.<clinit>(HibernateUtil.java:24)
	at clientbookstore.repo.dao.HibernateAbstractDao.getAll(HibernateAbstractDao.java:81)
	at clientbookstore.service.entityService.BookService.getAll(BookService.java:67)
	at clientbookstore.controller.DataManager.getAllBooks(DataManager.java:234)
	at clientbookstore.ui.actions.book.AllBooksListAction.execute(AllBooksListAction.java:27)
	at clientbookstore.ui.Navigator.navigate(Navigator.java:51)
	at clientbookstore.ui.MenuController.run(MenuController.java:55)
	at clientbookstore.Main.main(Main.java:39)
Caused by: org.postgresql.util.PSQLException: ОШИБКА: столбец "authtor" отношения "book" содержит значения NULL
	at org.postgresql.core.v3.QueryExecutorImpl.receiveErrorResponse(QueryExecutorImpl.java:2725)
	at org.postgresql.core.v3.QueryExecutorImpl.processResults(QueryExecutorImpl.java:2412)
	at org.postgresql.core.v3.QueryExecutorImpl.execute(QueryExecutorImpl.java:371)
	at org.postgresql.jdbc.PgStatement.executeInternal(PgStatement.java:502)
	at org.postgresql.jdbc.PgStatement.execute(PgStatement.java:419)
	at org.postgresql.jdbc.PgStatement.executeWithFlags(PgStatement.java:341)
	at org.postgresql.jdbc.PgStatement.executeCachedSql(PgStatement.java:326)
	at org.postgresql.jdbc.PgStatement.executeWithFlags(PgStatement.java:302)
	at org.postgresql.jdbc.PgStatement.execute(PgStatement.java:297)
	at org.hibernate.tool.schema.internal.exec.GenerationTargetToDatabase.accept(GenerationTargetToDatabase.java:80)
	... 23 common frames omitted
2025-07-20 12:04:58 WARN  [main] o.h.e.jdbc.spi.SqlExceptionHelper - SQL Error: 0, SQLState: 42703
2025-07-20 12:04:58 ERROR [main] o.h.e.jdbc.spi.SqlExceptionHelper - ОШИБКА: столбец b1_0.authtor не существует
  Подсказка: Возможно, предполагалась ссылка на столбец "b1_0.author".
  Позиция: 16
2025-07-20 12:04:58 ERROR [main] c.repo.dao.HibernateAbstractDao - Error getting all clientbookstore.model.entity.Book
org.hibernate.exception.SQLGrammarException: JDBC exception executing SQL [select b1_0.id,b1_0.authtor,b1_0.name,b1_0.price,b1_0.status,b1_0.year from book b1_0] [ОШИБКА: столбец b1_0.authtor не существует
  Подсказка: Возможно, предполагалась ссылка на столбец "b1_0.author".
  Позиция: 16] [n/a]
	at org.hibernate.exception.internal.SQLStateConversionDelegate.convert(SQLStateConversionDelegate.java:91)
	at org.hibernate.exception.internal.StandardSQLExceptionConverter.convert(StandardSQLExceptionConverter.java:58)
	at org.hibernate.engine.jdbc.spi.SqlExceptionHelper.convert(SqlExceptionHelper.java:108)
	at org.hibernate.engine.jdbc.spi.SqlExceptionHelper.convert(SqlExceptionHelper.java:94)
	at org.hibernate.sql.results.jdbc.internal.DeferredResultSetAccess.executeQuery(DeferredResultSetAccess.java:265)
	at org.hibernate.sql.results.jdbc.internal.DeferredResultSetAccess.getResultSet(DeferredResultSetAccess.java:167)
	at org.hibernate.sql.results.jdbc.internal.JdbcValuesResultSetImpl.advanceNext(JdbcValuesResultSetImpl.java:218)
	at org.hibernate.sql.results.jdbc.internal.JdbcValuesResultSetImpl.processNext(JdbcValuesResultSetImpl.java:98)
	at org.hibernate.sql.results.jdbc.internal.AbstractJdbcValues.next(AbstractJdbcValues.java:19)
	at org.hibernate.sql.results.internal.RowProcessingStateStandardImpl.next(RowProcessingStateStandardImpl.java:66)
	at org.hibernate.sql.results.spi.ListResultsConsumer.consume(ListResultsConsumer.java:202)
	at org.hibernate.sql.results.spi.ListResultsConsumer.consume(ListResultsConsumer.java:33)
	at org.hibernate.sql.exec.internal.JdbcSelectExecutorStandardImpl.doExecuteQuery(JdbcSelectExecutorStandardImpl.java:209)
	at org.hibernate.sql.exec.internal.JdbcSelectExecutorStandardImpl.executeQuery(JdbcSelectExecutorStandardImpl.java:83)
	at org.hibernate.sql.exec.spi.JdbcSelectExecutor.list(JdbcSelectExecutor.java:76)
	at org.hibernate.sql.exec.spi.JdbcSelectExecutor.list(JdbcSelectExecutor.java:65)
	at org.hibernate.query.sqm.internal.ConcreteSqmSelectQueryPlan.lambda$new$2(ConcreteSqmSelectQueryPlan.java:137)
	at org.hibernate.query.sqm.internal.ConcreteSqmSelectQueryPlan.withCacheableSqmInterpretation(ConcreteSqmSelectQueryPlan.java:362)
	at org.hibernate.query.sqm.internal.ConcreteSqmSelectQueryPlan.performList(ConcreteSqmSelectQueryPlan.java:303)
	at org.hibernate.query.sqm.internal.QuerySqmImpl.doList(QuerySqmImpl.java:509)
	at org.hibernate.query.spi.AbstractSelectionQuery.list(AbstractSelectionQuery.java:427)
	at org.hibernate.query.Query.getResultList(Query.java:120)
	at clientbookstore.repo.dao.HibernateAbstractDao.getAll(HibernateAbstractDao.java:83)
	at clientbookstore.service.entityService.BookService.getAll(BookService.java:67)
	at clientbookstore.controller.DataManager.getAllBooks(DataManager.java:234)
	at clientbookstore.ui.actions.book.AllBooksListAction.execute(AllBooksListAction.java:27)
	at clientbookstore.ui.Navigator.navigate(Navigator.java:51)
	at clientbookstore.ui.MenuController.run(MenuController.java:55)
	at clientbookstore.Main.main(Main.java:39)
Caused by: org.postgresql.util.PSQLException: ОШИБКА: столбец b1_0.authtor не существует
  Подсказка: Возможно, предполагалась ссылка на столбец "b1_0.author".
  Позиция: 16
	at org.postgresql.core.v3.QueryExecutorImpl.receiveErrorResponse(QueryExecutorImpl.java:2725)
	at org.postgresql.core.v3.QueryExecutorImpl.processResults(QueryExecutorImpl.java:2412)
	at org.postgresql.core.v3.QueryExecutorImpl.execute(QueryExecutorImpl.java:371)
	at org.postgresql.jdbc.PgStatement.executeInternal(PgStatement.java:502)
	at org.postgresql.jdbc.PgStatement.execute(PgStatement.java:419)
	at org.postgresql.jdbc.PgPreparedStatement.executeWithFlags(PgPreparedStatement.java:194)
	at org.postgresql.jdbc.PgPreparedStatement.executeQuery(PgPreparedStatement.java:137)
	at org.hibernate.sql.results.jdbc.internal.DeferredResultSetAccess.executeQuery(DeferredResultSetAccess.java:246)
	... 24 common frames omitted
2025-07-20 12:04:58 INFO  [main] c.ui.actions.book.AllBooksListAction - Список книг пуст
2025-07-20 12:06:37 INFO  [main] org.reflections.Reflections - Reflections took 73 ms to scan 1 urls, producing 19 keys and 80 values
2025-07-20 12:06:41 INFO  [main] c.ui.actions.book.AllBooksListAction - Пользователь выбрал команду: вывод всех книг
2025-07-20 12:06:41 INFO  [main] org.hibernate.Version - HHH000412: Hibernate ORM core version 6.4.4.Final
2025-07-20 12:06:41 INFO  [main] o.h.c.i.RegionFactoryInitiator - HHH000026: Second-level cache disabled
2025-07-20 12:06:41 WARN  [main] o.hibernate.orm.connections.pooling - HHH10001002: Using built-in connection pool (not intended for production use)
2025-07-20 12:06:41 INFO  [main] o.hibernate.orm.connections.pooling - HHH10001005: Loaded JDBC driver class: org.postgresql.Driver
2025-07-20 12:06:41 INFO  [main] o.hibernate.orm.connections.pooling - HHH10001012: Connecting with JDBC URL [jdbc:postgresql://localhost:5432/bookstore]
2025-07-20 12:06:41 INFO  [main] o.hibernate.orm.connections.pooling - HHH10001001: Connection properties: {password=****, user=postgres}
2025-07-20 12:06:41 INFO  [main] o.hibernate.orm.connections.pooling - HHH10001003: Autocommit mode: false
2025-07-20 12:06:41 INFO  [main] o.hibernate.orm.connections.pooling - HHH10001115: Connection pool size: 20 (min=1)
2025-07-20 12:06:42 WARN  [main] org.hibernate.orm.deprecation - HHH90000025: PostgreSQLDialect does not need to be specified explicitly using 'hibernate.dialect' (remove the property setting and it will be selected by default)
2025-07-20 12:06:42 INFO  [main] o.h.e.t.j.p.i.JtaPlatformInitiator - HHH000489: No JTA platform available (set 'hibernate.transaction.jta.platform' to enable JTA platform integration)
2025-07-20 12:06:42 INFO  [main] o.hibernate.orm.connections.access - HHH10001501: Connection obtained from JdbcConnectionAccess [org.hibernate.engine.jdbc.env.internal.JdbcEnvironmentInitiator$ConnectionProviderJdbcConnectionAccess@1ec88aa1] for (non-JTA) DDL execution was not in auto-commit mode; the Connection 'local transaction' will be committed and the Connection will be set into auto-commit mode.
2025-07-20 12:06:43 ERROR [main] c.repo.dao.HibernateAbstractDao - Error getting all clientbookstore.model.entity.Book
java.lang.IllegalArgumentException: No enum constant clientbookstore.model.enums.StatusBook.отсутствует
	at java.base/java.lang.Enum.valueOf(Enum.java:273)
	at org.hibernate.type.descriptor.java.EnumJavaType.fromName(EnumJavaType.java:239)
	at org.hibernate.type.descriptor.java.EnumJavaType.wrap(EnumJavaType.java:107)
	at org.hibernate.type.descriptor.java.EnumJavaType.wrap(EnumJavaType.java:33)
	at org.hibernate.type.descriptor.jdbc.VarcharJdbcType$2.doExtract(VarcharJdbcType.java:118)
	at org.hibernate.type.descriptor.jdbc.BasicExtractor.extract(BasicExtractor.java:44)
	at org.hibernate.sql.results.jdbc.internal.JdbcValuesResultSetImpl.getCurrentRowValue(JdbcValuesResultSetImpl.java:302)
	at org.hibernate.sql.results.internal.RowProcessingStateStandardImpl.getJdbcValue(RowProcessingStateStandardImpl.java:119)
	at org.hibernate.sql.results.graph.basic.BasicResultAssembler.extractRawValue(BasicResultAssembler.java:52)
	at org.hibernate.sql.results.graph.basic.BasicResultAssembler.assemble(BasicResultAssembler.java:59)
	at org.hibernate.sql.results.graph.DomainResultAssembler.assemble(DomainResultAssembler.java:33)
	at org.hibernate.sql.results.graph.entity.AbstractEntityInitializer.extractConcreteTypeStateValues(AbstractEntityInitializer.java:1081)
	at org.hibernate.sql.results.graph.entity.AbstractEntityInitializer.initializeEntityInstance(AbstractEntityInitializer.java:838)
	at org.hibernate.sql.results.graph.entity.AbstractEntityInitializer.initializeEntity(AbstractEntityInitializer.java:813)
	at org.hibernate.sql.results.graph.entity.AbstractEntityInitializer.initializeInstance(AbstractEntityInitializer.java:799)
	at org.hibernate.sql.results.internal.InitializersList.initializeInstance(InitializersList.java:70)
	at org.hibernate.sql.results.internal.StandardRowReader.coordinateInitializers(StandardRowReader.java:109)
	at org.hibernate.sql.results.internal.StandardRowReader.readRow(StandardRowReader.java:86)
	at org.hibernate.sql.results.spi.ListResultsConsumer.consume(ListResultsConsumer.java:203)
	at org.hibernate.sql.results.spi.ListResultsConsumer.consume(ListResultsConsumer.java:33)
	at org.hibernate.sql.exec.internal.JdbcSelectExecutorStandardImpl.doExecuteQuery(JdbcSelectExecutorStandardImpl.java:209)
	at org.hibernate.sql.exec.internal.JdbcSelectExecutorStandardImpl.executeQuery(JdbcSelectExecutorStandardImpl.java:83)
	at org.hibernate.sql.exec.spi.JdbcSelectExecutor.list(JdbcSelectExecutor.java:76)
	at org.hibernate.sql.exec.spi.JdbcSelectExecutor.list(JdbcSelectExecutor.java:65)
	at org.hibernate.query.sqm.internal.ConcreteSqmSelectQueryPlan.lambda$new$2(ConcreteSqmSelectQueryPlan.java:137)
	at org.hibernate.query.sqm.internal.ConcreteSqmSelectQueryPlan.withCacheableSqmInterpretation(ConcreteSqmSelectQueryPlan.java:362)
	at org.hibernate.query.sqm.internal.ConcreteSqmSelectQueryPlan.performList(ConcreteSqmSelectQueryPlan.java:303)
	at org.hibernate.query.sqm.internal.QuerySqmImpl.doList(QuerySqmImpl.java:509)
	at org.hibernate.query.spi.AbstractSelectionQuery.list(AbstractSelectionQuery.java:427)
	at org.hibernate.query.Query.getResultList(Query.java:120)
	at clientbookstore.repo.dao.HibernateAbstractDao.getAll(HibernateAbstractDao.java:83)
	at clientbookstore.service.entityService.BookService.getAll(BookService.java:67)
	at clientbookstore.controller.DataManager.getAllBooks(DataManager.java:234)
	at clientbookstore.ui.actions.book.AllBooksListAction.execute(AllBooksListAction.java:27)
	at clientbookstore.ui.Navigator.navigate(Navigator.java:51)
	at clientbookstore.ui.MenuController.run(MenuController.java:55)
	at clientbookstore.Main.main(Main.java:39)
2025-07-20 12:06:43 INFO  [main] c.ui.actions.book.AllBooksListAction - Список книг пуст
2025-07-20 12:10:25 INFO  [main] org.reflections.Reflections - Reflections took 73 ms to scan 1 urls, producing 19 keys and 80 values
2025-07-20 12:10:29 INFO  [main] c.ui.actions.book.AllBooksListAction - Пользователь выбрал команду: вывод всех книг
2025-07-20 12:10:29 INFO  [main] org.hibernate.Version - HHH000412: Hibernate ORM core version 6.4.4.Final
2025-07-20 12:10:29 INFO  [main] o.h.c.i.RegionFactoryInitiator - HHH000026: Second-level cache disabled
2025-07-20 12:10:29 WARN  [main] o.hibernate.orm.connections.pooling - HHH10001002: Using built-in connection pool (not intended for production use)
2025-07-20 12:10:29 INFO  [main] o.hibernate.orm.connections.pooling - HHH10001005: Loaded JDBC driver class: org.postgresql.Driver
2025-07-20 12:10:29 INFO  [main] o.hibernate.orm.connections.pooling - HHH10001012: Connecting with JDBC URL [jdbc:postgresql://localhost:5432/bookstore]
2025-07-20 12:10:29 INFO  [main] o.hibernate.orm.connections.pooling - HHH10001001: Connection properties: {password=****, user=postgres}
2025-07-20 12:10:29 INFO  [main] o.hibernate.orm.connections.pooling - HHH10001003: Autocommit mode: false
2025-07-20 12:10:29 INFO  [main] o.hibernate.orm.connections.pooling - HHH10001115: Connection pool size: 20 (min=1)
2025-07-20 12:10:30 WARN  [main] org.hibernate.orm.deprecation - HHH90000025: PostgreSQLDialect does not need to be specified explicitly using 'hibernate.dialect' (remove the property setting and it will be selected by default)
2025-07-20 12:10:31 INFO  [main] o.h.e.t.j.p.i.JtaPlatformInitiator - HHH000489: No JTA platform available (set 'hibernate.transaction.jta.platform' to enable JTA platform integration)
2025-07-20 12:10:31 INFO  [main] o.hibernate.orm.connections.access - HHH10001501: Connection obtained from JdbcConnectionAccess [org.hibernate.engine.jdbc.env.internal.JdbcEnvironmentInitiator$ConnectionProviderJdbcConnectionAccess@68aec50] for (non-JTA) DDL execution was not in auto-commit mode; the Connection 'local transaction' will be committed and the Connection will be set into auto-commit mode.
2025-07-20 12:10:31 ERROR [main] c.repo.dao.HibernateAbstractDao - Error getting all clientbookstore.model.entity.Book
java.lang.IllegalArgumentException: No enum constant clientbookstore.model.enums.StatusBook.отсутствует
	at java.base/java.lang.Enum.valueOf(Enum.java:273)
	at org.hibernate.type.descriptor.java.EnumJavaType.fromName(EnumJavaType.java:239)
	at org.hibernate.type.descriptor.java.EnumJavaType.wrap(EnumJavaType.java:107)
	at org.hibernate.type.descriptor.java.EnumJavaType.wrap(EnumJavaType.java:33)
	at org.hibernate.type.descriptor.jdbc.VarcharJdbcType$2.doExtract(VarcharJdbcType.java:118)
	at org.hibernate.type.descriptor.jdbc.BasicExtractor.extract(BasicExtractor.java:44)
	at org.hibernate.sql.results.jdbc.internal.JdbcValuesResultSetImpl.getCurrentRowValue(JdbcValuesResultSetImpl.java:302)
	at org.hibernate.sql.results.internal.RowProcessingStateStandardImpl.getJdbcValue(RowProcessingStateStandardImpl.java:119)
	at org.hibernate.sql.results.graph.basic.BasicResultAssembler.extractRawValue(BasicResultAssembler.java:52)
	at org.hibernate.sql.results.graph.basic.BasicResultAssembler.assemble(BasicResultAssembler.java:59)
	at org.hibernate.sql.results.graph.DomainResultAssembler.assemble(DomainResultAssembler.java:33)
	at org.hibernate.sql.results.graph.entity.AbstractEntityInitializer.extractConcreteTypeStateValues(AbstractEntityInitializer.java:1081)
	at org.hibernate.sql.results.graph.entity.AbstractEntityInitializer.initializeEntityInstance(AbstractEntityInitializer.java:838)
	at org.hibernate.sql.results.graph.entity.AbstractEntityInitializer.initializeEntity(AbstractEntityInitializer.java:813)
	at org.hibernate.sql.results.graph.entity.AbstractEntityInitializer.initializeInstance(AbstractEntityInitializer.java:799)
	at org.hibernate.sql.results.internal.InitializersList.initializeInstance(InitializersList.java:70)
	at org.hibernate.sql.results.internal.StandardRowReader.coordinateInitializers(StandardRowReader.java:109)
	at org.hibernate.sql.results.internal.StandardRowReader.readRow(StandardRowReader.java:86)
	at org.hibernate.sql.results.spi.ListResultsConsumer.consume(ListResultsConsumer.java:203)
	at org.hibernate.sql.results.spi.ListResultsConsumer.consume(ListResultsConsumer.java:33)
	at org.hibernate.sql.exec.internal.JdbcSelectExecutorStandardImpl.doExecuteQuery(JdbcSelectExecutorStandardImpl.java:209)
	at org.hibernate.sql.exec.internal.JdbcSelectExecutorStandardImpl.executeQuery(JdbcSelectExecutorStandardImpl.java:83)
	at org.hibernate.sql.exec.spi.JdbcSelectExecutor.list(JdbcSelectExecutor.java:76)
	at org.hibernate.sql.exec.spi.JdbcSelectExecutor.list(JdbcSelectExecutor.java:65)
	at org.hibernate.query.sqm.internal.ConcreteSqmSelectQueryPlan.lambda$new$2(ConcreteSqmSelectQueryPlan.java:137)
	at org.hibernate.query.sqm.internal.ConcreteSqmSelectQueryPlan.withCacheableSqmInterpretation(ConcreteSqmSelectQueryPlan.java:362)
	at org.hibernate.query.sqm.internal.ConcreteSqmSelectQueryPlan.performList(ConcreteSqmSelectQueryPlan.java:303)
	at org.hibernate.query.sqm.internal.QuerySqmImpl.doList(QuerySqmImpl.java:509)
	at org.hibernate.query.spi.AbstractSelectionQuery.list(AbstractSelectionQuery.java:427)
	at org.hibernate.query.Query.getResultList(Query.java:120)
	at clientbookstore.repo.dao.HibernateAbstractDao.getAll(HibernateAbstractDao.java:83)
	at clientbookstore.service.entityService.BookService.getAll(BookService.java:67)
	at clientbookstore.controller.DataManager.getAllBooks(DataManager.java:234)
	at clientbookstore.ui.actions.book.AllBooksListAction.execute(AllBooksListAction.java:27)
	at clientbookstore.ui.Navigator.navigate(Navigator.java:51)
	at clientbookstore.ui.MenuController.run(MenuController.java:55)
	at clientbookstore.Main.main(Main.java:39)
2025-07-20 12:10:31 INFO  [main] c.ui.actions.book.AllBooksListAction - Список книг пуст
2025-07-20 12:11:55 INFO  [main] org.reflections.Reflections - Reflections took 68 ms to scan 1 urls, producing 19 keys and 80 values
2025-07-20 12:11:58 INFO  [main] c.ui.actions.book.AllBooksListAction - Пользователь выбрал команду: вывод всех книг
2025-07-20 12:11:58 INFO  [main] org.hibernate.Version - HHH000412: Hibernate ORM core version 6.4.4.Final
2025-07-20 12:11:58 INFO  [main] o.h.c.i.RegionFactoryInitiator - HHH000026: Second-level cache disabled
2025-07-20 12:11:58 WARN  [main] o.hibernate.orm.connections.pooling - HHH10001002: Using built-in connection pool (not intended for production use)
2025-07-20 12:11:58 INFO  [main] o.hibernate.orm.connections.pooling - HHH10001005: Loaded JDBC driver class: org.postgresql.Driver
2025-07-20 12:11:58 INFO  [main] o.hibernate.orm.connections.pooling - HHH10001012: Connecting with JDBC URL [jdbc:postgresql://localhost:5432/bookstore]
2025-07-20 12:11:58 INFO  [main] o.hibernate.orm.connections.pooling - HHH10001001: Connection properties: {password=****, user=postgres}
2025-07-20 12:11:58 INFO  [main] o.hibernate.orm.connections.pooling - HHH10001003: Autocommit mode: false
2025-07-20 12:11:58 INFO  [main] o.hibernate.orm.connections.pooling - HHH10001115: Connection pool size: 20 (min=1)
2025-07-20 12:11:59 WARN  [main] org.hibernate.orm.deprecation - HHH90000025: PostgreSQLDialect does not need to be specified explicitly using 'hibernate.dialect' (remove the property setting and it will be selected by default)
2025-07-20 12:11:59 INFO  [main] o.h.e.t.j.p.i.JtaPlatformInitiator - HHH000489: No JTA platform available (set 'hibernate.transaction.jta.platform' to enable JTA platform integration)
2025-07-20 12:11:59 INFO  [main] o.hibernate.orm.connections.access - HHH10001501: Connection obtained from JdbcConnectionAccess [org.hibernate.engine.jdbc.env.internal.JdbcEnvironmentInitiator$ConnectionProviderJdbcConnectionAccess@7c9beb51] for (non-JTA) DDL execution was not in auto-commit mode; the Connection 'local transaction' will be committed and the Connection will be set into auto-commit mode.
2025-07-20 12:12:00 ERROR [main] c.repo.dao.HibernateAbstractDao - Error getting all clientbookstore.model.entity.Book
java.lang.IllegalArgumentException: No enum constant clientbookstore.model.enums.StatusBook.отсутствует
	at java.base/java.lang.Enum.valueOf(Enum.java:273)
	at org.hibernate.type.descriptor.java.EnumJavaType.fromName(EnumJavaType.java:239)
	at org.hibernate.type.descriptor.java.EnumJavaType.wrap(EnumJavaType.java:107)
	at org.hibernate.type.descriptor.java.EnumJavaType.wrap(EnumJavaType.java:33)
	at org.hibernate.type.descriptor.jdbc.VarcharJdbcType$2.doExtract(VarcharJdbcType.java:118)
	at org.hibernate.type.descriptor.jdbc.BasicExtractor.extract(BasicExtractor.java:44)
	at org.hibernate.sql.results.jdbc.internal.JdbcValuesResultSetImpl.getCurrentRowValue(JdbcValuesResultSetImpl.java:302)
	at org.hibernate.sql.results.internal.RowProcessingStateStandardImpl.getJdbcValue(RowProcessingStateStandardImpl.java:119)
	at org.hibernate.sql.results.graph.basic.BasicResultAssembler.extractRawValue(BasicResultAssembler.java:52)
	at org.hibernate.sql.results.graph.basic.BasicResultAssembler.assemble(BasicResultAssembler.java:59)
	at org.hibernate.sql.results.graph.DomainResultAssembler.assemble(DomainResultAssembler.java:33)
	at org.hibernate.sql.results.graph.entity.AbstractEntityInitializer.extractConcreteTypeStateValues(AbstractEntityInitializer.java:1081)
	at org.hibernate.sql.results.graph.entity.AbstractEntityInitializer.initializeEntityInstance(AbstractEntityInitializer.java:838)
	at org.hibernate.sql.results.graph.entity.AbstractEntityInitializer.initializeEntity(AbstractEntityInitializer.java:813)
	at org.hibernate.sql.results.graph.entity.AbstractEntityInitializer.initializeInstance(AbstractEntityInitializer.java:799)
	at org.hibernate.sql.results.internal.InitializersList.initializeInstance(InitializersList.java:70)
	at org.hibernate.sql.results.internal.StandardRowReader.coordinateInitializers(StandardRowReader.java:109)
	at org.hibernate.sql.results.internal.StandardRowReader.readRow(StandardRowReader.java:86)
	at org.hibernate.sql.results.spi.ListResultsConsumer.consume(ListResultsConsumer.java:203)
	at org.hibernate.sql.results.spi.ListResultsConsumer.consume(ListResultsConsumer.java:33)
	at org.hibernate.sql.exec.internal.JdbcSelectExecutorStandardImpl.doExecuteQuery(JdbcSelectExecutorStandardImpl.java:209)
	at org.hibernate.sql.exec.internal.JdbcSelectExecutorStandardImpl.executeQuery(JdbcSelectExecutorStandardImpl.java:83)
	at org.hibernate.sql.exec.spi.JdbcSelectExecutor.list(JdbcSelectExecutor.java:76)
	at org.hibernate.sql.exec.spi.JdbcSelectExecutor.list(JdbcSelectExecutor.java:65)
	at org.hibernate.query.sqm.internal.ConcreteSqmSelectQueryPlan.lambda$new$2(ConcreteSqmSelectQueryPlan.java:137)
	at org.hibernate.query.sqm.internal.ConcreteSqmSelectQueryPlan.withCacheableSqmInterpretation(ConcreteSqmSelectQueryPlan.java:362)
	at org.hibernate.query.sqm.internal.ConcreteSqmSelectQueryPlan.performList(ConcreteSqmSelectQueryPlan.java:303)
	at org.hibernate.query.sqm.internal.QuerySqmImpl.doList(QuerySqmImpl.java:509)
	at org.hibernate.query.spi.AbstractSelectionQuery.list(AbstractSelectionQuery.java:427)
	at org.hibernate.query.Query.getResultList(Query.java:120)
	at clientbookstore.repo.dao.HibernateAbstractDao.getAll(HibernateAbstractDao.java:83)
	at clientbookstore.service.entityService.BookService.getAll(BookService.java:67)
	at clientbookstore.controller.DataManager.getAllBooks(DataManager.java:234)
	at clientbookstore.ui.actions.book.AllBooksListAction.execute(AllBooksListAction.java:27)
	at clientbookstore.ui.Navigator.navigate(Navigator.java:51)
	at clientbookstore.ui.MenuController.run(MenuController.java:55)
	at clientbookstore.Main.main(Main.java:39)
2025-07-20 12:12:00 INFO  [main] c.ui.actions.book.AllBooksListAction - Список книг пуст
2025-07-20 12:14:29 INFO  [main] org.reflections.Reflections - Reflections took 74 ms to scan 1 urls, producing 19 keys and 80 values
2025-07-20 12:14:34 INFO  [main] c.ui.actions.book.AllBooksListAction - Пользователь выбрал команду: вывод всех книг
2025-07-20 12:14:34 INFO  [main] org.hibernate.Version - HHH000412: Hibernate ORM core version 6.4.4.Final
2025-07-20 12:14:34 INFO  [main] o.h.c.i.RegionFactoryInitiator - HHH000026: Second-level cache disabled
2025-07-20 12:14:34 WARN  [main] o.hibernate.orm.connections.pooling - HHH10001002: Using built-in connection pool (not intended for production use)
2025-07-20 12:14:34 INFO  [main] o.hibernate.orm.connections.pooling - HHH10001005: Loaded JDBC driver class: org.postgresql.Driver
2025-07-20 12:14:34 INFO  [main] o.hibernate.orm.connections.pooling - HHH10001012: Connecting with JDBC URL [jdbc:postgresql://localhost:5432/bookstore]
2025-07-20 12:14:34 INFO  [main] o.hibernate.orm.connections.pooling - HHH10001001: Connection properties: {password=****, user=postgres}
2025-07-20 12:14:34 INFO  [main] o.hibernate.orm.connections.pooling - HHH10001003: Autocommit mode: false
2025-07-20 12:14:34 INFO  [main] o.hibernate.orm.connections.pooling - HHH10001115: Connection pool size: 20 (min=1)
2025-07-20 12:14:34 WARN  [main] org.hibernate.orm.deprecation - HHH90000025: PostgreSQLDialect does not need to be specified explicitly using 'hibernate.dialect' (remove the property setting and it will be selected by default)
2025-07-20 12:14:35 INFO  [main] o.h.e.t.j.p.i.JtaPlatformInitiator - HHH000489: No JTA platform available (set 'hibernate.transaction.jta.platform' to enable JTA platform integration)
2025-07-20 12:14:35 INFO  [main] o.hibernate.orm.connections.access - HHH10001501: Connection obtained from JdbcConnectionAccess [org.hibernate.engine.jdbc.env.internal.JdbcEnvironmentInitiator$ConnectionProviderJdbcConnectionAccess@7c9beb51] for (non-JTA) DDL execution was not in auto-commit mode; the Connection 'local transaction' will be committed and the Connection will be set into auto-commit mode.
2025-07-20 12:14:35 ERROR [main] c.repo.dao.HibernateAbstractDao - Error getting all clientbookstore.model.entity.Book
java.lang.IllegalArgumentException: No enum constant clientbookstore.model.enums.StatusBook.отсутствует
	at java.base/java.lang.Enum.valueOf(Enum.java:273)
	at org.hibernate.type.descriptor.java.EnumJavaType.fromName(EnumJavaType.java:239)
	at org.hibernate.type.descriptor.java.EnumJavaType.wrap(EnumJavaType.java:107)
	at org.hibernate.type.descriptor.java.EnumJavaType.wrap(EnumJavaType.java:33)
	at org.hibernate.type.descriptor.jdbc.VarcharJdbcType$2.doExtract(VarcharJdbcType.java:118)
	at org.hibernate.type.descriptor.jdbc.BasicExtractor.extract(BasicExtractor.java:44)
	at org.hibernate.sql.results.jdbc.internal.JdbcValuesResultSetImpl.getCurrentRowValue(JdbcValuesResultSetImpl.java:302)
	at org.hibernate.sql.results.internal.RowProcessingStateStandardImpl.getJdbcValue(RowProcessingStateStandardImpl.java:119)
	at org.hibernate.sql.results.graph.basic.BasicResultAssembler.extractRawValue(BasicResultAssembler.java:52)
	at org.hibernate.sql.results.graph.basic.BasicResultAssembler.assemble(BasicResultAssembler.java:59)
	at org.hibernate.sql.results.graph.DomainResultAssembler.assemble(DomainResultAssembler.java:33)
	at org.hibernate.sql.results.graph.entity.AbstractEntityInitializer.extractConcreteTypeStateValues(AbstractEntityInitializer.java:1081)
	at org.hibernate.sql.results.graph.entity.AbstractEntityInitializer.initializeEntityInstance(AbstractEntityInitializer.java:838)
	at org.hibernate.sql.results.graph.entity.AbstractEntityInitializer.initializeEntity(AbstractEntityInitializer.java:813)
	at org.hibernate.sql.results.graph.entity.AbstractEntityInitializer.initializeInstance(AbstractEntityInitializer.java:799)
	at org.hibernate.sql.results.internal.InitializersList.initializeInstance(InitializersList.java:70)
	at org.hibernate.sql.results.internal.StandardRowReader.coordinateInitializers(StandardRowReader.java:109)
	at org.hibernate.sql.results.internal.StandardRowReader.readRow(StandardRowReader.java:86)
	at org.hibernate.sql.results.spi.ListResultsConsumer.consume(ListResultsConsumer.java:203)
	at org.hibernate.sql.results.spi.ListResultsConsumer.consume(ListResultsConsumer.java:33)
	at org.hibernate.sql.exec.internal.JdbcSelectExecutorStandardImpl.doExecuteQuery(JdbcSelectExecutorStandardImpl.java:209)
	at org.hibernate.sql.exec.internal.JdbcSelectExecutorStandardImpl.executeQuery(JdbcSelectExecutorStandardImpl.java:83)
	at org.hibernate.sql.exec.spi.JdbcSelectExecutor.list(JdbcSelectExecutor.java:76)
	at org.hibernate.sql.exec.spi.JdbcSelectExecutor.list(JdbcSelectExecutor.java:65)
	at org.hibernate.query.sqm.internal.ConcreteSqmSelectQueryPlan.lambda$new$2(ConcreteSqmSelectQueryPlan.java:137)
	at org.hibernate.query.sqm.internal.ConcreteSqmSelectQueryPlan.withCacheableSqmInterpretation(ConcreteSqmSelectQueryPlan.java:362)
	at org.hibernate.query.sqm.internal.ConcreteSqmSelectQueryPlan.performList(ConcreteSqmSelectQueryPlan.java:303)
	at org.hibernate.query.sqm.internal.QuerySqmImpl.doList(QuerySqmImpl.java:509)
	at org.hibernate.query.spi.AbstractSelectionQuery.list(AbstractSelectionQuery.java:427)
	at org.hibernate.query.Query.getResultList(Query.java:120)
	at clientbookstore.repo.dao.HibernateAbstractDao.getAll(HibernateAbstractDao.java:83)
	at clientbookstore.service.entityService.BookService.getAll(BookService.java:67)
	at clientbookstore.controller.DataManager.getAllBooks(DataManager.java:234)
	at clientbookstore.ui.actions.book.AllBooksListAction.execute(AllBooksListAction.java:27)
	at clientbookstore.ui.Navigator.navigate(Navigator.java:51)
	at clientbookstore.ui.MenuController.run(MenuController.java:55)
	at clientbookstore.Main.main(Main.java:39)
2025-07-20 12:14:35 INFO  [main] c.ui.actions.book.AllBooksListAction - Список книг пуст
